<?xml version="1.0" encoding="UTF-8"?>
<testng-results ignored="0" total="3" passed="3" failed="0" skipped="0">
  <reporter-output>
  </reporter-output>
  <suite started-at="2020-06-18T21:08:36 IST" name="Default suite" finished-at="2020-06-18T21:09:46 IST" duration-ms="69564">
    <groups>
    </groups>
    <test started-at="2020-06-18T21:08:36 IST" name="Default test" finished-at="2020-06-18T21:09:46 IST" duration-ms="69564">
      <class name="com.ui.test.LoginPage2">
        <test-method is-config="true" signature="launchBrowser()[pri:0, instance:com.ui.test.LoginPage2@1e730495]" started-at="2020-06-18T21:08:36 IST" name="launchBrowser" finished-at="2020-06-18T21:09:22 IST" duration-ms="45961" status="PASS">
          <reporter-output>
          </reporter-output>
        </test-method> <!-- launchBrowser -->
        <test-method signature="verifyLoginpageUrl()[pri:0, instance:com.ui.test.LoginPage2@1e730495]" started-at="2020-06-18T21:09:22 IST" name="verifyLoginpageUrl" finished-at="2020-06-18T21:09:32 IST" duration-ms="10026" status="PASS">
          <reporter-output>
          </reporter-output>
        </test-method> <!-- verifyLoginpageUrl -->
        <test-method signature="LogIn()[pri:1, instance:com.ui.test.LoginPage2@1e730495]" started-at="2020-06-18T21:09:32 IST" name="LogIn" finished-at="2020-06-18T21:09:43 IST" duration-ms="10959" status="PASS">
          <reporter-output>
          </reporter-output>
        </test-method> <!-- LogIn -->
        <test-method signature="verifyLogin()[pri:2, instance:com.ui.test.LoginPage2@1e730495]" started-at="2020-06-18T21:09:43 IST" name="verifyLogin" finished-at="2020-06-18T21:09:46 IST" duration-ms="2493" status="PASS">
          <reporter-output>
          </reporter-output>
        </test-method> <!-- verifyLogin -->
      </class> <!-- com.ui.test.LoginPage2 -->
    </test> <!-- Default test -->
  </suite> <!-- Default suite -->
</testng-results>
