<?xml version="1.0" encoding="UTF-8"?>
<!-- Generated by org.testng.reporters.JUnitXMLReporter -->
<testsuite ignored="0" hostname="ebn020" failures="0" tests="3" name="Default test" time="69.564" errors="0" timestamp="2020-06-18T21:09:46 IST">
  <testcase classname="com.ui.test.LoginPage2" name="verifyLoginpageUrl" time="10.026"/>
  <testcase classname="com.ui.test.LoginPage2" name="LogIn" time="10.959"/>
  <testcase classname="com.ui.test.LoginPage2" name="verifyLogin" time="2.493"/>
</testsuite> <!-- Default test -->
